<?xml version="1.0" encoding="UTF-8"?>
<!-- Generated by org.testng.reporters.JUnitReportReporter -->
<testsuite hostname="JD" failures="0" tests="3" name="tests.TC11_TestNGListenerDemoTwo" time="0.011" errors="0" timestamp="2021-01-12T00:23:36 IST" skipped="0">
  <testcase classname="tests.TC11_TestNGListenerDemoTwo" name="testfour" time="0.002"/>
  <system-out/>
  <testcase classname="tests.TC11_TestNGListenerDemoTwo" name="testsix" time="0.005"/>
  <system-out/>
  <testcase classname="tests.TC11_TestNGListenerDemoTwo" name="testfive" time="0.004"/>
  <system-out/>
</testsuite> <!-- tests.TC11_TestNGListenerDemoTwo -->
