<?xml version="1.0" encoding="UTF-8"?>
<!-- Generated by org.testng.reporters.JUnitReportReporter -->
<testsuite hostname="JD" failures="0" tests="1" name="concepts_selenium.Topic_TestNG_AnnotationHierachy" time="0.007" errors="0" timestamp="2021-04-24T11:12:46 IST" skipped="0">
  <testcase classname="concepts_selenium.Topic_TestNG_AnnotationHierachy" name="first" time="0.007"/>
  <system-out/>
</testsuite> <!-- concepts_selenium.Topic_TestNG_AnnotationHierachy -->
