<?xml version="1.0" encoding="UTF-8"?>
<!-- Generated by org.testng.reporters.JUnitReportReporter -->
<testsuite hostname="JD" failures="0" tests="2" name="tests.TC16_TestNGIgnoreDemo" time="0.016" errors="0" timestamp="2021-01-13T15:02:05 IST" skipped="1">
  <testcase classname="tests.TC16_TestNGIgnoreDemo" name="testTwo" time="0.016"/>
  <system-out/>
  <testcase classname="tests.TC16_TestNGIgnoreDemo" name="testOne">
    <skipped/>
  </testcase> <!-- testOne -->
  <system-out/>
</testsuite> <!-- tests.TC16_TestNGIgnoreDemo -->
