<?xml version="1.0" encoding="UTF-8"?>
<!-- Generated by org.testng.reporters.JUnitReportReporter -->
<testsuite hostname="JD" failures="0" tests="7" name="tests.TC14_TestNGGroupingDemo" time="0.014" errors="0" timestamp="2021-01-13T14:58:49 IST" skipped="0">
  <testcase classname="tests.TC14_TestNGGroupingDemo" name="testOne" time="0.001"/>
  <system-out/>
  <testcase classname="tests.TC14_TestNGGroupingDemo" name="testSix" time="0.002"/>
  <system-out/>
  <testcase classname="tests.TC14_TestNGGroupingDemo" name="testSeven" time="0.003"/>
  <system-out/>
  <testcase classname="tests.TC14_TestNGGroupingDemo" name="testTwo" time="0.002"/>
  <system-out/>
  <testcase classname="tests.TC14_TestNGGroupingDemo" name="testFour" time="0.001"/>
  <system-out/>
  <testcase classname="tests.TC14_TestNGGroupingDemo" name="testThree" time="0.002"/>
  <system-out/>
  <testcase classname="tests.TC14_TestNGGroupingDemo" name="testFive" time="0.003"/>
  <system-out/>
</testsuite> <!-- tests.TC14_TestNGGroupingDemo -->
