<?xml version="1.0" encoding="UTF-8"?>
<!-- Generated by org.testng.reporters.JUnitReportReporter -->
<testsuite hostname="DESKTOP-604NTT5" failures="0" tests="1" name="Selenium.baseClass.BaseClassDemo" time="12.918" errors="0" timestamp="2022-07-18T21:06:04 IST" skipped="0">
  <testcase classname="Selenium.baseClass.BaseClassDemo" name="loginOrangeHRM" time="12.918"/>
  <system-out/>
</testsuite> <!-- Selenium.baseClass.BaseClassDemo -->
