<?xml version="1.0" encoding="UTF-8"?>
<!-- Generated by org.testng.reporters.JUnitReportReporter -->
<testsuite hostname="JD" failures="0" tests="1" name="tests.TC04_GoogleSearchPage_ExtentReportAndTestNG" time="12.555" errors="0" timestamp="2021-01-11T14:08:23 IST" skipped="0">
  <testcase classname="tests.TC04_GoogleSearchPage_ExtentReportAndTestNG" name="mainTestValidation" time="12.555"/>
  <system-out/>
</testsuite> <!-- tests.TC04_GoogleSearchPage_ExtentReportAndTestNG -->
