<?xml version="1.0" encoding="UTF-8"?>
<!-- Generated by org.testng.reporters.JUnitReportReporter -->
<testsuite hostname="JD" failures="0" tests="1" name="pom.tests.Test_PageObjectModel_WithPageFactory" time="12.432" errors="0" timestamp="2021-02-10T00:18:41 IST" skipped="0">
  <testcase classname="pom.tests.Test_PageObjectModel_WithPageFactory" name="checkValidUser" time="12.432"/>
  <system-out/>
</testsuite> <!-- pom.tests.Test_PageObjectModel_WithPageFactory -->
