<?xml version="1.0" encoding="UTF-8"?>
<!-- Generated by org.testng.reporters.JUnitReportReporter -->
<testsuite hostname="JD" failures="0" tests="2" name="selenium_TestNGDataProvider.Topic_ReadExcel" time="0.000" errors="0" timestamp="2021-02-11T17:56:43 IST" skipped="2">
  <testcase classname="selenium_TestNGDataProvider.Topic_ReadExcel" name="mainTestValidation" time="0.000">
    <skipped/>
  </testcase> <!-- mainTestValidation -->
  <system-out/>
  <testcase classname="selenium_TestNGDataProvider.Topic_ReadExcel" name="test1" time="0.000">
    <skipped/>
  </testcase> <!-- test1 -->
  <system-out/>
</testsuite> <!-- selenium_TestNGDataProvider.Topic_ReadExcel -->
