<?xml version="1.0" encoding="UTF-8"?>
<!-- Generated by org.testng.reporters.JUnitReportReporter -->
<testsuite hostname="JD" failures="0" tests="3" name="concepts_selenium.TC11_TestNGListenerDemoTwo" time="0.021" errors="0" timestamp="2021-02-09T21:18:03 IST" skipped="0">
  <testcase classname="concepts_selenium.TC11_TestNGListenerDemoTwo" name="testsix" time="0.005"/>
  <system-out/>
  <testcase classname="concepts_selenium.TC11_TestNGListenerDemoTwo" name="testfour" time="0.005"/>
  <system-out/>
  <testcase classname="concepts_selenium.TC11_TestNGListenerDemoTwo" name="testfive" time="0.011"/>
  <system-out/>
</testsuite> <!-- concepts_selenium.TC11_TestNGListenerDemoTwo -->
