<?xml version="1.0" encoding="UTF-8"?>
<!-- Generated by org.testng.reporters.JUnitReportReporter -->
<testsuite hostname="JD" failures="0" tests="1" name="selenium_BaseClass.BaseClassDemo" time="13.257" errors="0" timestamp="2021-03-23T21:01:10 IST" skipped="0">
  <testcase classname="selenium_BaseClass.BaseClassDemo" name="loginOrangeHRM" time="13.257"/>
  <system-out/>
</testsuite> <!-- selenium_BaseClass.BaseClassDemo -->
