<?xml version="1.0" encoding="UTF-8"?>
<!-- Generated by org.testng.reporters.JUnitReportReporter -->
<testsuite hostname="JD" failures="0" tests="6" name="tests.TC08_ReadExcel" time="15.136" errors="0" timestamp="2021-01-11T23:38:12 IST" skipped="0">
  <testcase classname="tests.TC08_ReadExcel" name="test1" time="0.003"/>
  <system-out/>
  <testcase classname="tests.TC08_ReadExcel" name="test1" time="0.005"/>
  <system-out/>
  <testcase classname="tests.TC08_ReadExcel" name="mainTestValidation" time="3.239"/>
  <system-out/>
  <testcase classname="tests.TC08_ReadExcel" name="test1" time="0.003"/>
  <system-out/>
  <testcase classname="tests.TC08_ReadExcel" name="mainTestValidation" time="8.500"/>
  <system-out/>
  <testcase classname="tests.TC08_ReadExcel" name="mainTestValidation" time="3.386"/>
  <system-out/>
</testsuite> <!-- tests.TC08_ReadExcel -->
