<?xml version="1.0" encoding="UTF-8"?>
<!-- Generated by org.testng.reporters.JUnitReportReporter -->
<testsuite hostname="JD" failures="0" tests="7" name="concepts_selenium.Topic_TestNGGrouping" time="0.013" errors="0" timestamp="2021-02-19T14:26:15 IST" skipped="0">
  <testcase classname="concepts_selenium.Topic_TestNGGrouping" name="testSeven" time="0.002"/>
  <system-out/>
  <testcase classname="concepts_selenium.Topic_TestNGGrouping" name="testSix" time="0.003"/>
  <system-out/>
  <testcase classname="concepts_selenium.Topic_TestNGGrouping" name="testThree" time="0.002"/>
  <system-out/>
  <testcase classname="concepts_selenium.Topic_TestNGGrouping" name="testOne" time="0.002"/>
  <system-out/>
  <testcase classname="concepts_selenium.Topic_TestNGGrouping" name="testTwo" time="0.001"/>
  <system-out/>
  <testcase classname="concepts_selenium.Topic_TestNGGrouping" name="testFour" time="0.001"/>
  <system-out/>
  <testcase classname="concepts_selenium.Topic_TestNGGrouping" name="testFive" time="0.002"/>
  <system-out/>
</testsuite> <!-- concepts_selenium.Topic_TestNGGrouping -->
