<?xml version="1.0" encoding="UTF-8"?>
<!-- Generated by org.testng.reporters.JUnitReportReporter -->
<testsuite hostname="JD" failures="0" tests="3" name="tests.TC12_TestNGTestPriorityDemo" time="0.016" errors="0" timestamp="2021-01-12T00:29:18 IST" skipped="0">
  <testcase classname="tests.TC12_TestNGTestPriorityDemo" name="testtwo" time="0.012"/>
  <system-out/>
  <testcase classname="tests.TC12_TestNGTestPriorityDemo" name="testthree" time="0.002"/>
  <system-out/>
  <testcase classname="tests.TC12_TestNGTestPriorityDemo" name="testone" time="0.002"/>
  <system-out/>
</testsuite> <!-- tests.TC12_TestNGTestPriorityDemo -->
