<?xml version="1.0" encoding="UTF-8"?>
<!-- Generated by org.testng.reporters.JUnitReportReporter -->
<testsuite hostname="JD" failures="0" tests="4" name="concepts_selenium.Topic_TestNGDependencies" time="0.021" errors="0" timestamp="2021-02-19T14:26:15 IST" skipped="0">
  <testcase classname="concepts_selenium.Topic_TestNGDependencies" name="testTwo" time="0.002"/>
  <system-out/>
  <testcase classname="concepts_selenium.Topic_TestNGDependencies" name="testOne" time="0.007"/>
  <system-out/>
  <testcase classname="concepts_selenium.Topic_TestNGDependencies" name="testThree" time="0.002"/>
  <system-out/>
  <testcase classname="concepts_selenium.Topic_TestNGDependencies" name="testFour" time="0.010"/>
  <system-out/>
</testsuite> <!-- concepts_selenium.Topic_TestNGDependencies -->
