<?xml version="1.0" encoding="UTF-8"?>
<!-- Generated by org.testng.reporters.JUnitReportReporter -->
<testsuite hostname="JD" failures="0" tests="4" name="tests.TC15_TestNGDependencies" time="0.017" errors="0" timestamp="2021-01-13T14:58:49 IST" skipped="0">
  <testcase classname="tests.TC15_TestNGDependencies" name="testThree" time="0.003"/>
  <system-out/>
  <testcase classname="tests.TC15_TestNGDependencies" name="testFour" time="0.011"/>
  <system-out/>
  <testcase classname="tests.TC15_TestNGDependencies" name="testTwo" time="0.002"/>
  <system-out/>
  <testcase classname="tests.TC15_TestNGDependencies" name="testOne" time="0.001"/>
  <system-out/>
</testsuite> <!-- tests.TC15_TestNGDependencies -->
