<?xml version="1.0" encoding="UTF-8"?>
<!-- Generated by org.testng.reporters.JUnitReportReporter -->
<testsuite hostname="JD" failures="0" tests="7" name="concepts_selenium.Topic_TestNG_Grouping" time="0.018" errors="0" timestamp="2021-02-26T19:49:45 IST" skipped="0">
  <testcase classname="concepts_selenium.Topic_TestNG_Grouping" name="testFive" time="0.002"/>
  <system-out/>
  <testcase classname="concepts_selenium.Topic_TestNG_Grouping" name="testFour" time="0.002"/>
  <system-out/>
  <testcase classname="concepts_selenium.Topic_TestNG_Grouping" name="testSeven" time="0.001"/>
  <system-out/>
  <testcase classname="concepts_selenium.Topic_TestNG_Grouping" name="testTwo" time="0.001"/>
  <system-out/>
  <testcase classname="concepts_selenium.Topic_TestNG_Grouping" name="testSix" time="0.001"/>
  <system-out/>
  <testcase classname="concepts_selenium.Topic_TestNG_Grouping" name="testOne" time="0.009"/>
  <system-out/>
  <testcase classname="concepts_selenium.Topic_TestNG_Grouping" name="testThree" time="0.002"/>
  <system-out/>
</testsuite> <!-- concepts_selenium.Topic_TestNG_Grouping -->
