<?xml version="1.0" encoding="UTF-8"?>
<!-- Generated by org.testng.reporters.JUnitReportReporter -->
<testsuite hostname="JD" failures="0" tests="3" name="selenium_TestNGListeners.ListenerDemoTwo" time="0.017" errors="0" timestamp="2021-02-09T21:47:17 IST" skipped="0">
  <testcase classname="selenium_TestNGListeners.ListenerDemoTwo" name="testSix" time="0.005"/>
  <system-out/>
  <testcase classname="selenium_TestNGListeners.ListenerDemoTwo" name="testFour" time="0.002"/>
  <system-out/>
  <testcase classname="selenium_TestNGListeners.ListenerDemoTwo" name="testFive" time="0.010"/>
  <system-out/>
</testsuite> <!-- selenium_TestNGListeners.ListenerDemoTwo -->
