<?xml version="1.0" encoding="UTF-8"?>
<!-- Generated by org.testng.reporters.JUnitReportReporter -->
<testsuite hostname="JD" failures="0" tests="4" name="concepts_selenium.Topic_TestNG_Dependencies" time="0.017" errors="0" timestamp="2021-02-26T19:52:00 IST" skipped="0">
  <testcase classname="concepts_selenium.Topic_TestNG_Dependencies" name="testD" time="0.002"/>
  <system-out/>
  <testcase classname="concepts_selenium.Topic_TestNG_Dependencies" name="testA" time="0.003"/>
  <system-out/>
  <testcase classname="concepts_selenium.Topic_TestNG_Dependencies" name="testB" time="0.009"/>
  <system-out/>
  <testcase classname="concepts_selenium.Topic_TestNG_Dependencies" name="testC" time="0.003"/>
  <system-out/>
</testsuite> <!-- concepts_selenium.Topic_TestNG_Dependencies -->
